<?xml version="1.0" encoding="UTF-8"?>
<testng-results skipped="0" failed="0" total="1" passed="1">
  <reporter-output>
  </reporter-output>
  <suite name="Default suite" duration-ms="31488" started-at="2020-05-06T06:33:59Z" finished-at="2020-05-06T06:34:30Z">
    <groups>
    </groups>
    <test name="Default test" duration-ms="31488" started-at="2020-05-06T06:33:59Z" finished-at="2020-05-06T06:34:30Z">
      <class name="vivcap.com.testcases.StarofServiceTests">
        <test-method status="PASS" signature="launchBrowser()[pri:0, instance:vivcap.com.testcases.StarofServiceTests@62ee68d8]" name="launchBrowser" is-config="true" duration-ms="7861" started-at="2020-05-06T12:03:59Z" finished-at="2020-05-06T12:04:06Z">
          <reporter-output>
          </reporter-output>
        </test-method> <!-- launchBrowser -->
        <test-method status="PASS" signature="startTestcase()[pri:0, instance:vivcap.com.testcases.StarofServiceTests@62ee68d8]" name="startTestcase" duration-ms="22836" started-at="2020-05-06T12:04:06Z" finished-at="2020-05-06T12:04:29Z">
          <reporter-output>
          </reporter-output>
        </test-method> <!-- startTestcase -->
        <test-method status="PASS" signature="closeDriver()[pri:0, instance:vivcap.com.testcases.StarofServiceTests@62ee68d8]" name="closeDriver" is-config="true" duration-ms="772" started-at="2020-05-06T12:04:29Z" finished-at="2020-05-06T12:04:30Z">
          <reporter-output>
          </reporter-output>
        </test-method> <!-- closeDriver -->
      </class> <!-- vivcap.com.testcases.StarofServiceTests -->
    </test> <!-- Default test -->
  </suite> <!-- Default suite -->
</testng-results>
